<?xml version="1.0" encoding="UTF-8"?>
<testsuite name="com.example.demo.TestS" tests="3" skipped="0" failures="0" errors="0" timestamp="2024-01-13T08:15:59" hostname="lq-deMacBook-Pro.local" time="0.023">
  <properties/>
  <testcase name="contextLoads()" classname="com.example.demo.TestS" time="0.004"/>
  <testcase name="testaa()" classname="com.example.demo.TestS" time="0.011"/>
  <testcase name="test()" classname="com.example.demo.TestS" time="0.003"/>
  <system-out><![CDATA[2024-01-13 16:15:59.005  INFO 45475 --- [    Test worker] .b.t.c.SpringBootTestContextBootstrapper : Neither @ContextConfiguration nor @ContextHierarchy found for test class [com.example.demo.TestS], using SpringBootContextLoader
2024-01-13 16:15:59.006  INFO 45475 --- [    Test worker] o.s.t.c.support.AbstractContextLoader    : Could not detect default resource locations for test class [com.example.demo.TestS]: no resource found for suffixes {-context.xml, Context.groovy}.
2024-01-13 16:15:59.006  INFO 45475 --- [    Test worker] t.c.s.AnnotationConfigContextLoaderUtils : Could not detect default configuration classes for test class [com.example.demo.TestS]: TestS does not declare any static, non-private, non-final, nested classes annotated with @Configuration.
2024-01-13 16:15:59.008  INFO 45475 --- [    Test worker] .b.t.c.SpringBootTestContextBootstrapper : Found @SpringBootConfiguration com.example.demo.DemoApplication for test class com.example.demo.TestS
2024-01-13 16:15:59.010  INFO 45475 --- [    Test worker] .b.t.c.SpringBootTestContextBootstrapper : Loaded default TestExecutionListener class names from location [META-INF/spring.factories]: [org.springframework.boot.test.autoconfigure.restdocs.RestDocsTestExecutionListener, org.springframework.boot.test.autoconfigure.web.client.MockRestServiceServerResetTestExecutionListener, org.springframework.boot.test.autoconfigure.web.servlet.MockMvcPrintOnlyOnFailureTestExecutionListener, org.springframework.boot.test.autoconfigure.web.servlet.WebDriverTestExecutionListener, org.springframework.boot.test.autoconfigure.webservices.client.MockWebServiceServerTestExecutionListener, org.springframework.boot.test.mock.mockito.MockitoTestExecutionListener, org.springframework.boot.test.mock.mockito.ResetMocksTestExecutionListener, org.springframework.test.context.web.ServletTestExecutionListener, org.springframework.test.context.support.DirtiesContextBeforeModesTestExecutionListener, org.springframework.test.context.event.ApplicationEventsTestExecutionListener, org.springframework.test.context.support.DependencyInjectionTestExecutionListener, org.springframework.test.context.support.DirtiesContextTestExecutionListener, org.springframework.test.context.transaction.TransactionalTestExecutionListener, org.springframework.test.context.jdbc.SqlScriptsTestExecutionListener, org.springframework.test.context.event.EventPublishingTestExecutionListener]
2024-01-13 16:15:59.011  INFO 45475 --- [    Test worker] .b.t.c.SpringBootTestContextBootstrapper : Using TestExecutionListeners: [org.springframework.test.context.web.ServletTestExecutionListener@2b0483f2, org.springframework.test.context.support.DirtiesContextBeforeModesTestExecutionListener@b8e6981, org.springframework.test.context.event.ApplicationEventsTestExecutionListener@1e40edb7, org.springframework.boot.test.mock.mockito.MockitoTestExecutionListener@27381497, org.springframework.boot.test.autoconfigure.SpringBootDependencyInjectionTestExecutionListener@282c0891, org.springframework.test.context.support.DirtiesContextTestExecutionListener@5096be74, org.springframework.test.context.event.EventPublishingTestExecutionListener@4922dc84, org.springframework.boot.test.autoconfigure.restdocs.RestDocsTestExecutionListener@2ed9e59b, org.springframework.boot.test.autoconfigure.web.client.MockRestServiceServerResetTestExecutionListener@66790851, org.springframework.boot.test.autoconfigure.web.servlet.MockMvcPrintOnlyOnFailureTestExecutionListener@3796ff4, org.springframework.boot.test.autoconfigure.web.servlet.WebDriverTestExecutionListener@5ce045e3, org.springframework.boot.test.autoconfigure.webservices.client.MockWebServiceServerTestExecutionListener@3df496d9, org.springframework.boot.test.mock.mockito.ResetMocksTestExecutionListener@13e12ab6]
this code will be test
this code will be test
]]></system-out>
  <system-err><![CDATA[]]></system-err>
</testsuite>
